0 verbose cli D:\nodejs\node.exe D:\nodejs\node_global\node_modules\npm\bin\npm-cli.js
1 info using npm@11.4.2
2 info using node@v22.13.1
3 silly config load:file:D:\nodejs\node_global\node_modules\npm\npmrc
4 silly config load:file:D:\kvideo-main\.npmrc
5 silly config load:file:C:\Users\LN\.npmrc
6 silly config load:file:D:\nodejs\node_global\etc\npmrc
7 verbose title npm run dev
8 verbose argv "run" "dev"
9 verbose logfile logs-max:10 dir:D:\kvideo-main\.npm-cache\_logs\2026-03-29T07_08_23_996Z-
10 verbose logfile D:\kvideo-main\.npm-cache\_logs\2026-03-29T07_08_23_996Z-debug-0.log
11 silly logfile done cleaning log files
12 http fetch GET 200 https://registry.npmjs.org/npm 4176ms
13 verbose cwd D:\kvideo-main
14 verbose os Windows_NT 10.0.19045
15 verbose node v22.13.1
16 verbose npm  v11.4.2
17 notice
17 notice New [33mminor[39m version of npm available! [33m11.4.2[39m -> [34m11.12.1[39m
17 notice Changelog: [34mhttps://github.com/npm/cli/releases/tag/v11.12.1[39m
17 notice To update run: [4mnpm install -g npm@11.12.1[24m
17 notice  { force: true, [Symbol(proc-log.meta)]: true }
18 verbose exit 1
19 verbose code 1
